<?xml version="1.0" encoding="UTF-8"?>
<!-- Generated by org.testng.reporters.JUnitReportReporter -->
<testsuite hostname="DESKTOP-HQCGQA1" failures="0" tests="2" name="com.hackseo.app.testcases.LoginTest" time="28.128" errors="0" timestamp="2024-06-14T09:51:09 WAT" skipped="0">
  <testcase classname="com.hackseo.app.testcases.LoginTest" name="ConnecteLoginAvecEmailEtPassword" time="16.629"/>
  <system-out/>
  <testcase classname="com.hackseo.app.testcases.LoginTest" name="ForgetPasword" time="11.499"/>
  <system-out/>
</testsuite> <!-- com.hackseo.app.testcases.LoginTest -->
