<?xml version="1.0" encoding="UTF-8"?>
<!-- Generated by org.testng.reporters.JUnitReportReporter -->
<testsuite hostname="DESKTOP-HQCGQA1" failures="0" tests="2" name="com.hackseo.app.testcases.LoginTest" time="52.186" errors="0" timestamp="2024-06-14T16:59:26 WAT" skipped="0">
  <testcase classname="com.hackseo.app.testcases.LoginTest" name="ConnecteLoginAvecEmailEtPassword" time="30.507"/>
  <system-out/>
  <testcase classname="com.hackseo.app.testcases.LoginTest" name="ForgetPasword" time="21.679"/>
  <system-out/>
</testsuite> <!-- com.hackseo.app.testcases.LoginTest -->
