<?xml version="1.0" encoding="UTF-8"?>
<!-- Generated by org.testng.reporters.JUnitReportReporter -->
<testsuite hostname="DESKTOP-HQCGQA1" failures="0" tests="1" name="com.hackseo.app.testcases.AjouterSiteTest" time="70.320" errors="0" timestamp="2024-06-14T16:59:26 WAT" skipped="0">
  <testcase classname="com.hackseo.app.testcases.AjouterSiteTest" name="addsite" time="70.320"/>
  <system-out/>
</testsuite> <!-- com.hackseo.app.testcases.AjouterSiteTest -->
